Wed Jan 31 2018 12:48:26 GMT-0500 (Eastern Standard Time): GET /
Wed Jan 31 2018 12:48:26 GMT-0500 (Eastern Standard Time): GET /css/main.css
Wed Jan 31 2018 12:49:18 GMT-0500 (Eastern Standard Time): GET /
Wed Jan 31 2018 12:49:18 GMT-0500 (Eastern Standard Time): GET /css/main.css
Wed Jan 31 2018 12:50:05 GMT-0500 (Eastern Standard Time): GET /
Wed Jan 31 2018 12:50:05 GMT-0500 (Eastern Standard Time): GET /css/main.css
Wed Jan 31 2018 12:50:13 GMT-0500 (Eastern Standard Time): GET /
Wed Jan 31 2018 12:50:13 GMT-0500 (Eastern Standard Time): GET /css/main.css
Wed Jan 31 2018 12:50:56 GMT-0500 (Eastern Standard Time): GET /
Wed Jan 31 2018 12:50:57 GMT-0500 (Eastern Standard Time): GET /css/main.css
Wed Jan 31 2018 12:50:58 GMT-0500 (Eastern Standard Time): GET /
Wed Jan 31 2018 12:50:58 GMT-0500 (Eastern Standard Time): GET /css/main.css
Wed Jan 31 2018 12:52:47 GMT-0500 (Eastern Standard Time): GET /
Wed Jan 31 2018 12:52:47 GMT-0500 (Eastern Standard Time): GET /css/main.css
Wed Jan 31 2018 12:52:55 GMT-0500 (Eastern Standard Time): GET /
Wed Jan 31 2018 12:52:55 GMT-0500 (Eastern Standard Time): GET /css/main.css
Wed Jan 31 2018 12:52:57 GMT-0500 (Eastern Standard Time): GET /
Wed Jan 31 2018 12:52:57 GMT-0500 (Eastern Standard Time): GET /css/main.css
Wed Jan 31 2018 12:53:04 GMT-0500 (Eastern Standard Time): GET /
Wed Jan 31 2018 12:53:04 GMT-0500 (Eastern Standard Time): GET /css/main.css
Wed Jan 31 2018 13:08:00 GMT-0500 (Eastern Standard Time): GET /
Wed Jan 31 2018 13:08:00 GMT-0500 (Eastern Standard Time): GET /css/main.css
Wed Jan 31 2018 13:13:11 GMT-0500 (Eastern Standard Time): GET /
Wed Jan 31 2018 13:13:11 GMT-0500 (Eastern Standard Time): GET /css/main.css
Wed Jan 31 2018 13:15:04 GMT-0500 (Eastern Standard Time): GET /
Wed Jan 31 2018 13:15:04 GMT-0500 (Eastern Standard Time): GET /css/main.css
Wed Jan 31 2018 13:15:15 GMT-0500 (Eastern Standard Time): GET /
Wed Jan 31 2018 13:15:15 GMT-0500 (Eastern Standard Time): GET /css/main.css
Wed Jan 31 2018 13:15:17 GMT-0500 (Eastern Standard Time): GET /
Wed Jan 31 2018 13:15:17 GMT-0500 (Eastern Standard Time): GET /css/main.css
Wed Jan 31 2018 13:16:00 GMT-0500 (Eastern Standard Time): GET /
Wed Jan 31 2018 13:16:00 GMT-0500 (Eastern Standard Time): GET /css/main.css
Wed Jan 31 2018 13:16:10 GMT-0500 (Eastern Standard Time): GET /
Wed Jan 31 2018 13:16:10 GMT-0500 (Eastern Standard Time): GET /css/main.css
Wed Jan 31 2018 13:19:17 GMT-0500 (Eastern Standard Time): GET /
Wed Jan 31 2018 13:19:17 GMT-0500 (Eastern Standard Time): GET /css/main.css
Wed Jan 31 2018 13:19:25 GMT-0500 (Eastern Standard Time): GET /
Wed Jan 31 2018 13:19:25 GMT-0500 (Eastern Standard Time): GET /css/main.css
Wed Jan 31 2018 13:19:26 GMT-0500 (Eastern Standard Time): GET /
Wed Jan 31 2018 13:19:26 GMT-0500 (Eastern Standard Time): GET /css/main.css
Wed Jan 31 2018 13:19:35 GMT-0500 (Eastern Standard Time): GET /
Wed Jan 31 2018 13:19:35 GMT-0500 (Eastern Standard Time): GET /css/main.css
Wed Jan 31 2018 13:20:31 GMT-0500 (Eastern Standard Time): GET /
Wed Jan 31 2018 13:23:59 GMT-0500 (Eastern Standard Time): GET /
Wed Jan 31 2018 13:23:59 GMT-0500 (Eastern Standard Time): GET /css/main.css
Wed Jan 31 2018 13:30:10 GMT-0500 (Eastern Standard Time): GET /
Wed Jan 31 2018 13:30:10 GMT-0500 (Eastern Standard Time): GET /css/main.css
Wed Jan 31 2018 13:31:48 GMT-0500 (Eastern Standard Time): GET /
Wed Jan 31 2018 13:31:49 GMT-0500 (Eastern Standard Time): GET /css/main.css
Wed Jan 31 2018 13:31:55 GMT-0500 (Eastern Standard Time): GET /
Wed Jan 31 2018 13:31:55 GMT-0500 (Eastern Standard Time): GET /css/main.css
Wed Jan 31 2018 13:35:15 GMT-0500 (Eastern Standard Time): GET /
Wed Jan 31 2018 13:35:15 GMT-0500 (Eastern Standard Time): GET /css/main.css
Wed Jan 31 2018 13:35:44 GMT-0500 (Eastern Standard Time): GET /
Wed Jan 31 2018 13:35:44 GMT-0500 (Eastern Standard Time): GET /css/main.css
Wed Jan 31 2018 13:35:51 GMT-0500 (Eastern Standard Time): GET /
Wed Jan 31 2018 13:35:51 GMT-0500 (Eastern Standard Time): GET /css/main.css
Wed Jan 31 2018 13:35:59 GMT-0500 (Eastern Standard Time): GET /
Wed Jan 31 2018 13:35:59 GMT-0500 (Eastern Standard Time): GET /css/main.css
Wed Jan 31 2018 13:36:24 GMT-0500 (Eastern Standard Time): GET /
Wed Jan 31 2018 13:36:24 GMT-0500 (Eastern Standard Time): GET /css/main.css
Wed Jan 31 2018 13:36:57 GMT-0500 (Eastern Standard Time): GET /
Wed Jan 31 2018 13:36:57 GMT-0500 (Eastern Standard Time): GET /css/main.css
Wed Jan 31 2018 13:37:18 GMT-0500 (Eastern Standard Time): GET /
Wed Jan 31 2018 13:37:18 GMT-0500 (Eastern Standard Time): GET /css/main.css
Wed Jan 31 2018 13:39:54 GMT-0500 (Eastern Standard Time): GET /
Wed Jan 31 2018 13:39:54 GMT-0500 (Eastern Standard Time): GET /css/main.css
Wed Jan 31 2018 13:47:33 GMT-0500 (Eastern Standard Time): GET /
Wed Jan 31 2018 13:47:33 GMT-0500 (Eastern Standard Time): GET /css/main.css
Wed Jan 31 2018 13:48:38 GMT-0500 (Eastern Standard Time): GET /
Wed Jan 31 2018 13:48:38 GMT-0500 (Eastern Standard Time): GET /css/main.css
Wed Jan 31 2018 13:50:44 GMT-0500 (Eastern Standard Time): GET /projects
Wed Jan 31 2018 13:50:44 GMT-0500 (Eastern Standard Time): GET /css/main.css
Wed Jan 31 2018 13:51:05 GMT-0500 (Eastern Standard Time): GET /projects
Wed Jan 31 2018 13:51:05 GMT-0500 (Eastern Standard Time): GET /css/main.css
Wed Jan 31 2018 14:00:50 GMT-0500 (Eastern Standard Time): GET /
Wed Jan 31 2018 14:00:50 GMT-0500 (Eastern Standard Time): GET /css/main.css
Wed Jan 31 2018 14:01:18 GMT-0500 (Eastern Standard Time): GET /
Wed Jan 31 2018 14:01:18 GMT-0500 (Eastern Standard Time): GET /css/main.css
Wed Jan 31 2018 14:01:35 GMT-0500 (Eastern Standard Time): GET /
Wed Jan 31 2018 14:01:35 GMT-0500 (Eastern Standard Time): GET /css/main.css
Wed Jan 31 2018 14:01:44 GMT-0500 (Eastern Standard Time): GET /
Wed Jan 31 2018 14:01:44 GMT-0500 (Eastern Standard Time): GET /css/main.css
Wed Jan 31 2018 14:03:02 GMT-0500 (Eastern Standard Time): GET /
Wed Jan 31 2018 14:03:02 GMT-0500 (Eastern Standard Time): GET /css/main.css
Wed Jan 31 2018 14:03:29 GMT-0500 (Eastern Standard Time): GET /projects
Wed Jan 31 2018 14:03:29 GMT-0500 (Eastern Standard Time): GET /css/main.css
Wed Jan 31 2018 14:04:19 GMT-0500 (Eastern Standard Time): GET /about
Wed Jan 31 2018 14:04:19 GMT-0500 (Eastern Standard Time): GET /css/main.css
Wed Jan 31 2018 14:18:15 GMT-0500 (Eastern Standard Time): GET /about
Wed Jan 31 2018 14:18:15 GMT-0500 (Eastern Standard Time): GET /css/main.css
Wed Jan 31 2018 14:18:23 GMT-0500 (Eastern Standard Time): GET /
Wed Jan 31 2018 14:18:23 GMT-0500 (Eastern Standard Time): GET /css/main.css
Wed Jan 31 2018 14:19:25 GMT-0500 (Eastern Standard Time): GET /
Wed Jan 31 2018 14:19:25 GMT-0500 (Eastern Standard Time): GET /css/main.css
Wed Jan 31 2018 14:21:19 GMT-0500 (Eastern Standard Time): GET /
Wed Jan 31 2018 14:21:19 GMT-0500 (Eastern Standard Time): GET /css/main.css
Wed Jan 31 2018 14:21:59 GMT-0500 (Eastern Standard Time): GET /
Wed Jan 31 2018 14:21:59 GMT-0500 (Eastern Standard Time): GET /css/main.css
Wed Jan 31 2018 14:23:06 GMT-0500 (Eastern Standard Time): GET /
Wed Jan 31 2018 14:23:06 GMT-0500 (Eastern Standard Time): GET /css/main.css
Wed Jan 31 2018 14:23:09 GMT-0500 (Eastern Standard Time): GET /about
Wed Jan 31 2018 14:23:09 GMT-0500 (Eastern Standard Time): GET /css/main.css
Wed Jan 31 2018 14:23:16 GMT-0500 (Eastern Standard Time): GET /projects
Wed Jan 31 2018 14:23:16 GMT-0500 (Eastern Standard Time): GET /css/main.css
Wed Jan 31 2018 14:23:59 GMT-0500 (Eastern Standard Time): GET /projects
Wed Jan 31 2018 14:23:59 GMT-0500 (Eastern Standard Time): GET /css/main.css
Wed Jan 31 2018 14:24:43 GMT-0500 (Eastern Standard Time): GET /projects
Wed Jan 31 2018 14:24:43 GMT-0500 (Eastern Standard Time): GET /css/main.css
Wed Jan 31 2018 14:24:46 GMT-0500 (Eastern Standard Time): GET /projects
Wed Jan 31 2018 14:24:46 GMT-0500 (Eastern Standard Time): GET /css/main.css
Wed Jan 31 2018 14:25:11 GMT-0500 (Eastern Standard Time): GET /projects
Wed Jan 31 2018 14:25:11 GMT-0500 (Eastern Standard Time): GET /css/main.css
Wed Jan 31 2018 14:25:30 GMT-0500 (Eastern Standard Time): GET /projects
Wed Jan 31 2018 14:25:30 GMT-0500 (Eastern Standard Time): GET /css/main.css
Wed Jan 31 2018 14:26:07 GMT-0500 (Eastern Standard Time): GET /projects
Wed Jan 31 2018 14:26:07 GMT-0500 (Eastern Standard Time): GET /css/main.css
Wed Jan 31 2018 14:26:35 GMT-0500 (Eastern Standard Time): GET /projects
Wed Jan 31 2018 14:26:35 GMT-0500 (Eastern Standard Time): GET /css/main.css
Wed Jan 31 2018 14:27:05 GMT-0500 (Eastern Standard Time): GET /projects
Wed Jan 31 2018 14:27:05 GMT-0500 (Eastern Standard Time): GET /css/main.css
Wed Jan 31 2018 14:27:09 GMT-0500 (Eastern Standard Time): GET /projects
Wed Jan 31 2018 14:27:09 GMT-0500 (Eastern Standard Time): GET /css/main.css
Wed Jan 31 2018 14:31:59 GMT-0500 (Eastern Standard Time): GET /projects
Wed Jan 31 2018 14:31:59 GMT-0500 (Eastern Standard Time): GET /css/main.css
Wed Jan 31 2018 14:31:59 GMT-0500 (Eastern Standard Time): GET /images/scotland.jpg
Wed Jan 31 2018 14:32:08 GMT-0500 (Eastern Standard Time): GET /projects
Wed Jan 31 2018 14:32:08 GMT-0500 (Eastern Standard Time): GET /css/main.css
Wed Jan 31 2018 14:32:08 GMT-0500 (Eastern Standard Time): GET /images/scotland.jpeg
Wed Jan 31 2018 14:32:47 GMT-0500 (Eastern Standard Time): GET /projects
Wed Jan 31 2018 14:32:47 GMT-0500 (Eastern Standard Time): GET /css/main.css
Wed Jan 31 2018 14:32:47 GMT-0500 (Eastern Standard Time): GET /images/scotland.jpg
Wed Jan 31 2018 14:33:15 GMT-0500 (Eastern Standard Time): GET /projects
Wed Jan 31 2018 14:33:15 GMT-0500 (Eastern Standard Time): GET /css/main.css
Wed Jan 31 2018 14:38:52 GMT-0500 (Eastern Standard Time): GET /projects
Wed Jan 31 2018 14:38:52 GMT-0500 (Eastern Standard Time): GET /css/main.css
Wed Jan 31 2018 14:38:52 GMT-0500 (Eastern Standard Time): GET /images/navImage.jpg
Wed Jan 31 2018 14:39:04 GMT-0500 (Eastern Standard Time): GET /projects
Wed Jan 31 2018 14:39:04 GMT-0500 (Eastern Standard Time): GET /css/main.css
Wed Jan 31 2018 14:39:04 GMT-0500 (Eastern Standard Time): GET /images/navImage.jpg
Wed Jan 31 2018 14:39:17 GMT-0500 (Eastern Standard Time): GET /projects
Wed Jan 31 2018 14:39:17 GMT-0500 (Eastern Standard Time): GET /css/main.css
Wed Jan 31 2018 14:39:17 GMT-0500 (Eastern Standard Time): GET /images/navImage.jpg
Wed Jan 31 2018 14:39:30 GMT-0500 (Eastern Standard Time): GET /projects
Wed Jan 31 2018 14:39:30 GMT-0500 (Eastern Standard Time): GET /css/main.css
Wed Jan 31 2018 14:39:30 GMT-0500 (Eastern Standard Time): GET /images/navImage.jpg
Wed Jan 31 2018 14:39:34 GMT-0500 (Eastern Standard Time): GET /
Wed Jan 31 2018 14:39:34 GMT-0500 (Eastern Standard Time): GET /css/main.css
Wed Jan 31 2018 14:39:34 GMT-0500 (Eastern Standard Time): GET /images/navImage.jpg
Wed Jan 31 2018 14:39:37 GMT-0500 (Eastern Standard Time): GET /
Wed Jan 31 2018 14:39:37 GMT-0500 (Eastern Standard Time): GET /css/main.css
Wed Jan 31 2018 14:39:37 GMT-0500 (Eastern Standard Time): GET /images/navImage.jpg
Wed Jan 31 2018 14:39:47 GMT-0500 (Eastern Standard Time): GET /
Wed Jan 31 2018 14:39:47 GMT-0500 (Eastern Standard Time): GET /css/main.css
Wed Jan 31 2018 14:39:47 GMT-0500 (Eastern Standard Time): GET /images/navImage.jpg
Wed Jan 31 2018 14:40:33 GMT-0500 (Eastern Standard Time): GET /
Wed Jan 31 2018 14:40:33 GMT-0500 (Eastern Standard Time): GET /css/main.css
Wed Jan 31 2018 14:40:33 GMT-0500 (Eastern Standard Time): GET /images/navImage.jpg
Wed Jan 31 2018 14:40:36 GMT-0500 (Eastern Standard Time): GET /
Wed Jan 31 2018 14:40:36 GMT-0500 (Eastern Standard Time): GET /css/main.css
Wed Jan 31 2018 14:40:36 GMT-0500 (Eastern Standard Time): GET /images/navImage.jpg
Wed Jan 31 2018 14:40:55 GMT-0500 (Eastern Standard Time): GET /
Wed Jan 31 2018 14:40:55 GMT-0500 (Eastern Standard Time): GET /css/main.css
Wed Jan 31 2018 14:40:55 GMT-0500 (Eastern Standard Time): GET /images/navImage.jpg
Wed Jan 31 2018 14:41:01 GMT-0500 (Eastern Standard Time): GET /
Wed Jan 31 2018 14:41:02 GMT-0500 (Eastern Standard Time): GET /css/main.css
Wed Jan 31 2018 14:41:02 GMT-0500 (Eastern Standard Time): GET /images/navImage.jpg
Wed Jan 31 2018 14:41:09 GMT-0500 (Eastern Standard Time): GET /
Wed Jan 31 2018 14:41:09 GMT-0500 (Eastern Standard Time): GET /css/main.css
Wed Jan 31 2018 14:41:09 GMT-0500 (Eastern Standard Time): GET /images/navImage.jpg
Wed Jan 31 2018 14:41:16 GMT-0500 (Eastern Standard Time): GET /
Wed Jan 31 2018 14:41:16 GMT-0500 (Eastern Standard Time): GET /css/main.css
Wed Jan 31 2018 14:41:16 GMT-0500 (Eastern Standard Time): GET /images/navImage.jpg
Wed Jan 31 2018 14:41:24 GMT-0500 (Eastern Standard Time): GET /
Wed Jan 31 2018 14:41:24 GMT-0500 (Eastern Standard Time): GET /css/main.css
Wed Jan 31 2018 14:41:24 GMT-0500 (Eastern Standard Time): GET /images/navImage.jpg
Wed Jan 31 2018 14:41:31 GMT-0500 (Eastern Standard Time): GET /
Wed Jan 31 2018 14:41:31 GMT-0500 (Eastern Standard Time): GET /css/main.css
Wed Jan 31 2018 14:41:31 GMT-0500 (Eastern Standard Time): GET /images/navImage.jpg
Wed Jan 31 2018 14:42:25 GMT-0500 (Eastern Standard Time): GET /
Wed Jan 31 2018 14:42:25 GMT-0500 (Eastern Standard Time): GET /css/main.css
Wed Jan 31 2018 14:42:25 GMT-0500 (Eastern Standard Time): GET /images/navImage.jpg
Wed Jan 31 2018 14:42:34 GMT-0500 (Eastern Standard Time): GET /
Wed Jan 31 2018 14:42:34 GMT-0500 (Eastern Standard Time): GET /css/main.css
Wed Jan 31 2018 14:42:34 GMT-0500 (Eastern Standard Time): GET /images/navImage.jpg
Wed Jan 31 2018 14:43:47 GMT-0500 (Eastern Standard Time): GET /
Wed Jan 31 2018 14:43:47 GMT-0500 (Eastern Standard Time): GET /css/main.css
Wed Jan 31 2018 14:43:47 GMT-0500 (Eastern Standard Time): GET /images/navImage.jpg
Wed Jan 31 2018 14:44:30 GMT-0500 (Eastern Standard Time): GET /
Wed Jan 31 2018 14:44:30 GMT-0500 (Eastern Standard Time): GET /css/main.css
Wed Jan 31 2018 14:44:30 GMT-0500 (Eastern Standard Time): GET /images/navImage.jpg
Wed Jan 31 2018 14:44:31 GMT-0500 (Eastern Standard Time): GET /
Wed Jan 31 2018 14:44:31 GMT-0500 (Eastern Standard Time): GET /css/main.css
Wed Jan 31 2018 14:44:31 GMT-0500 (Eastern Standard Time): GET /images/navImage.jpg
Wed Jan 31 2018 14:45:04 GMT-0500 (Eastern Standard Time): GET /
Wed Jan 31 2018 14:45:04 GMT-0500 (Eastern Standard Time): GET /css/main.css
Wed Jan 31 2018 14:45:04 GMT-0500 (Eastern Standard Time): GET /images/navImage.jpg
Wed Jan 31 2018 14:45:11 GMT-0500 (Eastern Standard Time): GET /
Wed Jan 31 2018 14:45:11 GMT-0500 (Eastern Standard Time): GET /css/main.css
Wed Jan 31 2018 14:45:11 GMT-0500 (Eastern Standard Time): GET /images/navImage.jpg
Wed Jan 31 2018 14:45:36 GMT-0500 (Eastern Standard Time): GET /
Wed Jan 31 2018 14:45:36 GMT-0500 (Eastern Standard Time): GET /css/main.css
Wed Jan 31 2018 14:45:36 GMT-0500 (Eastern Standard Time): GET /images/navImage.jpg
Wed Jan 31 2018 14:46:30 GMT-0500 (Eastern Standard Time): GET /projects
Wed Jan 31 2018 14:46:30 GMT-0500 (Eastern Standard Time): GET /css/main.css
Wed Jan 31 2018 14:46:30 GMT-0500 (Eastern Standard Time): GET /images/navImage.jpg
Wed Jan 31 2018 14:46:32 GMT-0500 (Eastern Standard Time): GET /
Wed Jan 31 2018 14:46:32 GMT-0500 (Eastern Standard Time): GET /css/main.css
Wed Jan 31 2018 14:46:32 GMT-0500 (Eastern Standard Time): GET /images/navImage.jpg
Wed Jan 31 2018 14:49:39 GMT-0500 (Eastern Standard Time): GET /
Wed Jan 31 2018 14:49:39 GMT-0500 (Eastern Standard Time): GET /css/main.css
Wed Jan 31 2018 14:49:39 GMT-0500 (Eastern Standard Time): GET /images/navImage.jpg
Wed Jan 31 2018 14:49:59 GMT-0500 (Eastern Standard Time): GET /
Wed Jan 31 2018 14:49:59 GMT-0500 (Eastern Standard Time): GET /css/main.css
Wed Jan 31 2018 14:49:59 GMT-0500 (Eastern Standard Time): GET /images/navImage.jpg
Wed Jan 31 2018 14:51:19 GMT-0500 (Eastern Standard Time): GET /
Wed Jan 31 2018 14:51:19 GMT-0500 (Eastern Standard Time): GET /css/main.css
Wed Jan 31 2018 14:51:19 GMT-0500 (Eastern Standard Time): GET /images/navImage.jpg
Wed Jan 31 2018 14:51:22 GMT-0500 (Eastern Standard Time): GET /
Wed Jan 31 2018 14:51:22 GMT-0500 (Eastern Standard Time): GET /css/main.css
Wed Jan 31 2018 14:51:22 GMT-0500 (Eastern Standard Time): GET /images/navImage.jpg
Wed Jan 31 2018 14:53:46 GMT-0500 (Eastern Standard Time): GET /
Wed Jan 31 2018 14:53:46 GMT-0500 (Eastern Standard Time): GET /css/main.css
Wed Jan 31 2018 14:53:46 GMT-0500 (Eastern Standard Time): GET /images/navImage.jpg
Wed Jan 31 2018 14:54:04 GMT-0500 (Eastern Standard Time): GET /projects
Wed Jan 31 2018 14:54:04 GMT-0500 (Eastern Standard Time): GET /css/main.css
Wed Jan 31 2018 14:54:04 GMT-0500 (Eastern Standard Time): GET /images/navImage.jpg
Wed Jan 31 2018 14:54:05 GMT-0500 (Eastern Standard Time): GET /about
Wed Jan 31 2018 14:54:05 GMT-0500 (Eastern Standard Time): GET /css/main.css
Wed Jan 31 2018 14:54:05 GMT-0500 (Eastern Standard Time): GET /images/navImage.jpg
Wed Jan 31 2018 14:54:06 GMT-0500 (Eastern Standard Time): GET /gardens
Wed Jan 31 2018 14:54:06 GMT-0500 (Eastern Standard Time): GET /css/main.css
Wed Jan 31 2018 14:54:06 GMT-0500 (Eastern Standard Time): GET /images/navImage.jpg
Wed Jan 31 2018 14:54:06 GMT-0500 (Eastern Standard Time): GET /investing
Wed Jan 31 2018 14:54:34 GMT-0500 (Eastern Standard Time): GET /investing
Wed Jan 31 2018 14:54:34 GMT-0500 (Eastern Standard Time): GET /css/main.css
Wed Jan 31 2018 14:54:34 GMT-0500 (Eastern Standard Time): GET /images/navImage.jpg
Wed Jan 31 2018 14:54:58 GMT-0500 (Eastern Standard Time): GET /investing
Wed Jan 31 2018 14:54:58 GMT-0500 (Eastern Standard Time): GET /css/main.css
Wed Jan 31 2018 14:54:58 GMT-0500 (Eastern Standard Time): GET /images/navImage.jpg
Wed Jan 31 2018 14:55:49 GMT-0500 (Eastern Standard Time): GET /investing
Wed Jan 31 2018 14:55:49 GMT-0500 (Eastern Standard Time): GET /css/main.css
Wed Jan 31 2018 14:55:49 GMT-0500 (Eastern Standard Time): GET /images/navImage.jpg
Wed Jan 31 2018 14:56:55 GMT-0500 (Eastern Standard Time): GET /investing
Wed Jan 31 2018 14:56:55 GMT-0500 (Eastern Standard Time): GET /css/main.css
Wed Jan 31 2018 14:56:55 GMT-0500 (Eastern Standard Time): GET /images/navImage.jpg
Wed Jan 31 2018 14:56:57 GMT-0500 (Eastern Standard Time): GET /investing
Wed Jan 31 2018 14:56:57 GMT-0500 (Eastern Standard Time): GET /css/main.css
Wed Jan 31 2018 14:56:57 GMT-0500 (Eastern Standard Time): GET /images/navImage.jpg
Wed Jan 31 2018 14:57:15 GMT-0500 (Eastern Standard Time): GET /investing
Wed Jan 31 2018 14:57:15 GMT-0500 (Eastern Standard Time): GET /images/navImage.jpg
Wed Jan 31 2018 14:57:15 GMT-0500 (Eastern Standard Time): GET /css/main.css
Wed Jan 31 2018 14:57:18 GMT-0500 (Eastern Standard Time): GET /css/main.css
Wed Jan 31 2018 14:57:55 GMT-0500 (Eastern Standard Time): GET /projects
Wed Jan 31 2018 14:57:56 GMT-0500 (Eastern Standard Time): GET /css/main.css
Wed Jan 31 2018 14:57:56 GMT-0500 (Eastern Standard Time): GET /images/navImage.jpg
Wed Jan 31 2018 14:58:29 GMT-0500 (Eastern Standard Time): GET /
Wed Jan 31 2018 14:58:29 GMT-0500 (Eastern Standard Time): GET /css/main.css
Wed Jan 31 2018 14:58:29 GMT-0500 (Eastern Standard Time): GET /images/navImage.jpg
Wed Jan 31 2018 15:00:16 GMT-0500 (Eastern Standard Time): GET /
Wed Jan 31 2018 15:00:16 GMT-0500 (Eastern Standard Time): GET /css/main.css
Wed Jan 31 2018 15:00:16 GMT-0500 (Eastern Standard Time): GET /images/navImage.jpg
Wed Jan 31 2018 15:00:43 GMT-0500 (Eastern Standard Time): GET /
Wed Jan 31 2018 15:00:43 GMT-0500 (Eastern Standard Time): GET /css/main.css
Wed Jan 31 2018 15:00:43 GMT-0500 (Eastern Standard Time): GET /images/navImage.jpg
Wed Jan 31 2018 15:00:55 GMT-0500 (Eastern Standard Time): GET /css/main.css
Wed Jan 31 2018 15:03:50 GMT-0500 (Eastern Standard Time): GET /
Wed Jan 31 2018 15:03:50 GMT-0500 (Eastern Standard Time): GET /css/main.css
Wed Jan 31 2018 15:03:50 GMT-0500 (Eastern Standard Time): GET /images/navImage.jpg
Wed Jan 31 2018 15:05:04 GMT-0500 (Eastern Standard Time): GET /
Wed Jan 31 2018 15:05:04 GMT-0500 (Eastern Standard Time): GET /css/main.css
Wed Jan 31 2018 15:05:04 GMT-0500 (Eastern Standard Time): GET /images/navImage.jpg
Wed Jan 31 2018 15:05:38 GMT-0500 (Eastern Standard Time): GET /
Wed Jan 31 2018 15:05:38 GMT-0500 (Eastern Standard Time): GET /css/main.css
Wed Jan 31 2018 15:05:38 GMT-0500 (Eastern Standard Time): GET /images/navImage.jpg
Wed Jan 31 2018 15:05:41 GMT-0500 (Eastern Standard Time): GET /
Wed Jan 31 2018 15:05:42 GMT-0500 (Eastern Standard Time): GET /css/main.css
Wed Jan 31 2018 15:05:42 GMT-0500 (Eastern Standard Time): GET /images/navImage.jpg
Wed Jan 31 2018 20:07:44 GMT-0500 (Eastern Standard Time): GET /
Wed Jan 31 2018 20:07:44 GMT-0500 (Eastern Standard Time): GET /css/main.css
Wed Jan 31 2018 20:07:44 GMT-0500 (Eastern Standard Time): GET /images/navImage.jpg
Wed Jan 31 2018 20:07:44 GMT-0500 (Eastern Standard Time): GET /favicon.ico
Wed Jan 31 2018 20:07:51 GMT-0500 (Eastern Standard Time): GET /about
Wed Jan 31 2018 20:07:51 GMT-0500 (Eastern Standard Time): GET /css/main.css
Wed Jan 31 2018 20:07:51 GMT-0500 (Eastern Standard Time): GET /images/navImage.jpg
Wed Jan 31 2018 20:07:52 GMT-0500 (Eastern Standard Time): GET /about
Wed Jan 31 2018 20:07:52 GMT-0500 (Eastern Standard Time): GET /css/main.css
Wed Jan 31 2018 20:07:52 GMT-0500 (Eastern Standard Time): GET /images/navImage.jpg
Wed Jan 31 2018 20:07:54 GMT-0500 (Eastern Standard Time): GET /projects
Wed Jan 31 2018 20:07:54 GMT-0500 (Eastern Standard Time): GET /css/main.css
Wed Jan 31 2018 20:07:54 GMT-0500 (Eastern Standard Time): GET /images/navImage.jpg
Wed Jan 31 2018 20:07:55 GMT-0500 (Eastern Standard Time): GET /gardens
Wed Jan 31 2018 20:07:55 GMT-0500 (Eastern Standard Time): GET /css/main.css
Wed Jan 31 2018 20:07:55 GMT-0500 (Eastern Standard Time): GET /images/navImage.jpg
Wed Jan 31 2018 20:07:57 GMT-0500 (Eastern Standard Time): GET /investing
Wed Jan 31 2018 20:07:57 GMT-0500 (Eastern Standard Time): GET /css/main.css
Wed Jan 31 2018 20:07:57 GMT-0500 (Eastern Standard Time): GET /images/navImage.jpg
Wed Jan 31 2018 20:08:03 GMT-0500 (Eastern Standard Time): GET /
Wed Jan 31 2018 20:08:03 GMT-0500 (Eastern Standard Time): GET /css/main.css
Wed Jan 31 2018 20:08:03 GMT-0500 (Eastern Standard Time): GET /images/navImage.jpg
Thu Feb 01 2018 07:12:07 GMT-0500 (Eastern Standard Time): GET /
Thu Feb 01 2018 07:12:07 GMT-0500 (Eastern Standard Time): GET /css/main.css
Thu Feb 01 2018 07:12:07 GMT-0500 (Eastern Standard Time): GET /images/navImage.jpg
Thu Feb 01 2018 07:12:07 GMT-0500 (Eastern Standard Time): GET /favicon.ico
Thu Feb 01 2018 07:56:46 GMT-0500 (Eastern Standard Time): GET /about
Thu Feb 01 2018 07:56:46 GMT-0500 (Eastern Standard Time): GET /css/main.css
Thu Feb 01 2018 07:56:46 GMT-0500 (Eastern Standard Time): GET /images/navImage.jpg
Thu Feb 01 2018 07:56:47 GMT-0500 (Eastern Standard Time): GET /projects
Thu Feb 01 2018 07:56:47 GMT-0500 (Eastern Standard Time): GET /css/main.css
Thu Feb 01 2018 07:56:47 GMT-0500 (Eastern Standard Time): GET /images/navImage.jpg
Thu Feb 01 2018 07:56:48 GMT-0500 (Eastern Standard Time): GET /gardens
Thu Feb 01 2018 07:56:48 GMT-0500 (Eastern Standard Time): GET /css/main.css
Thu Feb 01 2018 07:56:48 GMT-0500 (Eastern Standard Time): GET /images/navImage.jpg
Thu Feb 01 2018 07:56:49 GMT-0500 (Eastern Standard Time): GET /investing
Thu Feb 01 2018 07:56:49 GMT-0500 (Eastern Standard Time): GET /css/main.css
Thu Feb 01 2018 07:56:49 GMT-0500 (Eastern Standard Time): GET /images/navImage.jpg
Thu Feb 01 2018 07:57:08 GMT-0500 (Eastern Standard Time): GET /
Thu Feb 01 2018 07:57:08 GMT-0500 (Eastern Standard Time): GET /css/main.css
Thu Feb 01 2018 07:57:08 GMT-0500 (Eastern Standard Time): GET /images/navImage.jpg
Thu Feb 01 2018 14:54:01 GMT-0500 (Eastern Standard Time): GET /
Thu Feb 01 2018 14:54:01 GMT-0500 (Eastern Standard Time): GET /css/main.css
Thu Feb 01 2018 14:54:01 GMT-0500 (Eastern Standard Time): GET /images/navImage.jpg
Thu Feb 01 2018 14:54:01 GMT-0500 (Eastern Standard Time): GET /images/scotland.jpg
Thu Feb 01 2018 14:54:02 GMT-0500 (Eastern Standard Time): GET /favicon.ico
Thu Feb 01 2018 14:54:37 GMT-0500 (Eastern Standard Time): GET /
Thu Feb 01 2018 14:54:37 GMT-0500 (Eastern Standard Time): GET /css/main.css
Thu Feb 01 2018 14:54:37 GMT-0500 (Eastern Standard Time): GET /images/navImage.jpg
Thu Feb 01 2018 14:54:37 GMT-0500 (Eastern Standard Time): GET /images/scotland.jpg
Thu Feb 01 2018 14:56:11 GMT-0500 (Eastern Standard Time): GET /
Thu Feb 01 2018 14:56:11 GMT-0500 (Eastern Standard Time): GET /css/main.css
Thu Feb 01 2018 14:56:11 GMT-0500 (Eastern Standard Time): GET /images/navImage.jpg
Thu Feb 01 2018 14:56:11 GMT-0500 (Eastern Standard Time): GET /images/scotland.jpg
Thu Feb 01 2018 14:56:21 GMT-0500 (Eastern Standard Time): GET /
Thu Feb 01 2018 14:56:21 GMT-0500 (Eastern Standard Time): GET /css/main.css
Thu Feb 01 2018 14:56:21 GMT-0500 (Eastern Standard Time): GET /images/navImage.jpg
Thu Feb 01 2018 14:56:21 GMT-0500 (Eastern Standard Time): GET /images/scotland.jpg
Thu Feb 01 2018 14:56:32 GMT-0500 (Eastern Standard Time): GET /
Thu Feb 01 2018 14:56:32 GMT-0500 (Eastern Standard Time): GET /css/main.css
Thu Feb 01 2018 14:56:32 GMT-0500 (Eastern Standard Time): GET /images/navImage.jpg
Thu Feb 01 2018 14:56:33 GMT-0500 (Eastern Standard Time): GET /images/scotland.jpg
Thu Feb 01 2018 14:56:42 GMT-0500 (Eastern Standard Time): GET /
Thu Feb 01 2018 14:56:42 GMT-0500 (Eastern Standard Time): GET /css/main.css
Thu Feb 01 2018 14:56:42 GMT-0500 (Eastern Standard Time): GET /images/navImage.jpg
Thu Feb 01 2018 14:56:42 GMT-0500 (Eastern Standard Time): GET /images/scotland.jpg
Thu Feb 01 2018 14:57:33 GMT-0500 (Eastern Standard Time): GET /
Thu Feb 01 2018 14:57:33 GMT-0500 (Eastern Standard Time): GET /css/main.css
Thu Feb 01 2018 14:57:33 GMT-0500 (Eastern Standard Time): GET /images/navImage.jpg
Thu Feb 01 2018 14:57:33 GMT-0500 (Eastern Standard Time): GET /images/scotland.jpg
Thu Feb 01 2018 14:58:10 GMT-0500 (Eastern Standard Time): GET /
Thu Feb 01 2018 14:58:10 GMT-0500 (Eastern Standard Time): GET /css/main.css
Thu Feb 01 2018 14:58:10 GMT-0500 (Eastern Standard Time): GET /images/navImage.jpg
Thu Feb 01 2018 14:58:10 GMT-0500 (Eastern Standard Time): GET /images/scotland.jpg
Thu Feb 01 2018 14:58:18 GMT-0500 (Eastern Standard Time): GET /
Thu Feb 01 2018 14:58:18 GMT-0500 (Eastern Standard Time): GET /css/main.css
Thu Feb 01 2018 14:58:18 GMT-0500 (Eastern Standard Time): GET /images/navImage.jpg
Thu Feb 01 2018 14:58:18 GMT-0500 (Eastern Standard Time): GET /images/scotland.jpg
Thu Feb 01 2018 14:58:57 GMT-0500 (Eastern Standard Time): GET /
Thu Feb 01 2018 14:58:57 GMT-0500 (Eastern Standard Time): GET /css/main.css
Thu Feb 01 2018 14:58:57 GMT-0500 (Eastern Standard Time): GET /images/navImage.jpg
Thu Feb 01 2018 14:58:57 GMT-0500 (Eastern Standard Time): GET /images/scotland.jpg
Thu Feb 01 2018 15:31:18 GMT-0500 (Eastern Standard Time): GET /gardens
Thu Feb 01 2018 15:31:18 GMT-0500 (Eastern Standard Time): GET /css/main.css
Thu Feb 01 2018 15:31:18 GMT-0500 (Eastern Standard Time): GET /images/navImage.jpg
Thu Feb 01 2018 15:49:00 GMT-0500 (Eastern Standard Time): GET /gardens
Thu Feb 01 2018 15:49:00 GMT-0500 (Eastern Standard Time): GET /css/main.css
Thu Feb 01 2018 15:49:00 GMT-0500 (Eastern Standard Time): GET /images/navImage.jpg
Thu Feb 01 2018 15:49:02 GMT-0500 (Eastern Standard Time): GET /about
Thu Feb 01 2018 15:49:02 GMT-0500 (Eastern Standard Time): GET /css/main.css
Thu Feb 01 2018 15:49:02 GMT-0500 (Eastern Standard Time): GET /images/navImage.jpg
Thu Feb 01 2018 15:49:04 GMT-0500 (Eastern Standard Time): GET /
Thu Feb 01 2018 15:49:04 GMT-0500 (Eastern Standard Time): GET /css/main.css
Thu Feb 01 2018 15:49:04 GMT-0500 (Eastern Standard Time): GET /images/navImage.jpg
Thu Feb 01 2018 15:49:04 GMT-0500 (Eastern Standard Time): GET /images/scotland.jpg
Thu Feb 01 2018 15:54:04 GMT-0500 (Eastern Standard Time): GET /
Thu Feb 01 2018 15:54:04 GMT-0500 (Eastern Standard Time): GET /css/main.css
Thu Feb 01 2018 15:54:04 GMT-0500 (Eastern Standard Time): GET /images/navImage.jpg
Thu Feb 01 2018 15:54:04 GMT-0500 (Eastern Standard Time): GET /images/scotland.jpg
Thu Feb 01 2018 15:54:45 GMT-0500 (Eastern Standard Time): GET /
Thu Feb 01 2018 15:54:45 GMT-0500 (Eastern Standard Time): GET /css/main.css
Thu Feb 01 2018 15:54:45 GMT-0500 (Eastern Standard Time): GET /images/navImage.jpg
Thu Feb 01 2018 15:54:45 GMT-0500 (Eastern Standard Time): GET /images/scotland.jpg
Thu Feb 01 2018 15:55:22 GMT-0500 (Eastern Standard Time): GET /
Thu Feb 01 2018 15:55:22 GMT-0500 (Eastern Standard Time): GET /css/main.css
Thu Feb 01 2018 15:55:22 GMT-0500 (Eastern Standard Time): GET /images/navImage.jpg
Thu Feb 01 2018 15:55:22 GMT-0500 (Eastern Standard Time): GET /images/scotland.jpg
Thu Feb 01 2018 15:55:45 GMT-0500 (Eastern Standard Time): GET /
Thu Feb 01 2018 15:55:45 GMT-0500 (Eastern Standard Time): GET /css/main.css
Thu Feb 01 2018 15:55:45 GMT-0500 (Eastern Standard Time): GET /images/navImage.jpg
Thu Feb 01 2018 15:55:45 GMT-0500 (Eastern Standard Time): GET /images/scotland.jpg
Thu Feb 01 2018 15:55:46 GMT-0500 (Eastern Standard Time): GET /
Thu Feb 01 2018 15:55:46 GMT-0500 (Eastern Standard Time): GET /css/main.css
Thu Feb 01 2018 15:55:46 GMT-0500 (Eastern Standard Time): GET /images/navImage.jpg
Thu Feb 01 2018 15:55:46 GMT-0500 (Eastern Standard Time): GET /images/scotland.jpg
Thu Feb 01 2018 15:55:52 GMT-0500 (Eastern Standard Time): GET /
Thu Feb 01 2018 15:55:52 GMT-0500 (Eastern Standard Time): GET /css/main.css
Thu Feb 01 2018 15:55:52 GMT-0500 (Eastern Standard Time): GET /images/navImage.jpg
Thu Feb 01 2018 15:55:52 GMT-0500 (Eastern Standard Time): GET /images/scotland.jpg
Thu Feb 01 2018 15:56:26 GMT-0500 (Eastern Standard Time): GET /
Thu Feb 01 2018 15:56:26 GMT-0500 (Eastern Standard Time): GET /css/main.css
Thu Feb 01 2018 15:56:26 GMT-0500 (Eastern Standard Time): GET /images/navImage.jpg
Thu Feb 01 2018 15:56:26 GMT-0500 (Eastern Standard Time): GET /images/scotland.jpg
Thu Feb 01 2018 16:08:04 GMT-0500 (Eastern Standard Time): GET /
Thu Feb 01 2018 16:08:04 GMT-0500 (Eastern Standard Time): GET /css/main.css
Thu Feb 01 2018 16:08:04 GMT-0500 (Eastern Standard Time): GET /images/navImage.jpg
Thu Feb 01 2018 16:08:04 GMT-0500 (Eastern Standard Time): GET /images/scotland.jpg
Thu Feb 01 2018 16:10:11 GMT-0500 (Eastern Standard Time): GET /projects
Thu Feb 01 2018 16:10:11 GMT-0500 (Eastern Standard Time): GET /css/main.css
Thu Feb 01 2018 16:10:11 GMT-0500 (Eastern Standard Time): GET /images/navImage.jpg
Thu Feb 01 2018 16:10:12 GMT-0500 (Eastern Standard Time): GET /gardens
Thu Feb 01 2018 16:10:12 GMT-0500 (Eastern Standard Time): GET /css/main.css
Thu Feb 01 2018 16:10:12 GMT-0500 (Eastern Standard Time): GET /images/navImage.jpg
Thu Feb 01 2018 16:10:13 GMT-0500 (Eastern Standard Time): GET /investing
Thu Feb 01 2018 16:10:13 GMT-0500 (Eastern Standard Time): GET /css/main.css
Thu Feb 01 2018 16:10:13 GMT-0500 (Eastern Standard Time): GET /images/navImage.jpg
Thu Feb 01 2018 16:10:22 GMT-0500 (Eastern Standard Time): GET /about
Thu Feb 01 2018 16:10:22 GMT-0500 (Eastern Standard Time): GET /css/main.css
Thu Feb 01 2018 16:10:22 GMT-0500 (Eastern Standard Time): GET /images/navImage.jpg
Thu Feb 01 2018 16:10:23 GMT-0500 (Eastern Standard Time): GET /
Thu Feb 01 2018 16:10:23 GMT-0500 (Eastern Standard Time): GET /css/main.css
Thu Feb 01 2018 16:10:23 GMT-0500 (Eastern Standard Time): GET /images/navImage.jpg
Thu Feb 01 2018 16:10:23 GMT-0500 (Eastern Standard Time): GET /images/scotland.jpg
Thu Feb 01 2018 16:11:17 GMT-0500 (Eastern Standard Time): GET /
Thu Feb 01 2018 16:11:17 GMT-0500 (Eastern Standard Time): GET /css/main.css
Thu Feb 01 2018 16:11:17 GMT-0500 (Eastern Standard Time): GET /images/navImage.jpg
Thu Feb 01 2018 16:11:17 GMT-0500 (Eastern Standard Time): GET /images/scotland.jpg
Thu Feb 01 2018 16:11:29 GMT-0500 (Eastern Standard Time): GET /
Thu Feb 01 2018 16:11:29 GMT-0500 (Eastern Standard Time): GET /css/main.css
Thu Feb 01 2018 16:11:29 GMT-0500 (Eastern Standard Time): GET /images/navImage.jpg
Thu Feb 01 2018 16:11:29 GMT-0500 (Eastern Standard Time): GET /images/scotland.jpg
Thu Feb 01 2018 16:11:31 GMT-0500 (Eastern Standard Time): GET /projects
Thu Feb 01 2018 16:11:31 GMT-0500 (Eastern Standard Time): GET /css/main.css
Thu Feb 01 2018 16:11:31 GMT-0500 (Eastern Standard Time): GET /images/navImage.jpg
Thu Feb 01 2018 16:11:34 GMT-0500 (Eastern Standard Time): GET /
Thu Feb 01 2018 16:11:34 GMT-0500 (Eastern Standard Time): GET /css/main.css
Thu Feb 01 2018 16:11:34 GMT-0500 (Eastern Standard Time): GET /images/navImage.jpg
Thu Feb 01 2018 16:11:34 GMT-0500 (Eastern Standard Time): GET /images/scotland.jpg
Thu Feb 01 2018 16:13:39 GMT-0500 (Eastern Standard Time): GET /
Thu Feb 01 2018 16:13:39 GMT-0500 (Eastern Standard Time): GET /css/main.css
Thu Feb 01 2018 16:13:39 GMT-0500 (Eastern Standard Time): GET /images/navImage.jpg
Thu Feb 01 2018 16:13:39 GMT-0500 (Eastern Standard Time): GET /images/scotland.jpg
Thu Feb 01 2018 16:13:56 GMT-0500 (Eastern Standard Time): GET /
Thu Feb 01 2018 16:13:56 GMT-0500 (Eastern Standard Time): GET /css/main.css
Thu Feb 01 2018 16:13:56 GMT-0500 (Eastern Standard Time): GET /images/navImage.jpg
Thu Feb 01 2018 16:13:56 GMT-0500 (Eastern Standard Time): GET /images/scotland.jpg
Thu Feb 01 2018 16:14:24 GMT-0500 (Eastern Standard Time): GET /
Thu Feb 01 2018 16:14:24 GMT-0500 (Eastern Standard Time): GET /css/main.css
Thu Feb 01 2018 16:14:24 GMT-0500 (Eastern Standard Time): GET /images/navImage.jpg
Thu Feb 01 2018 16:14:24 GMT-0500 (Eastern Standard Time): GET /images/scotland.jpg
Thu Feb 01 2018 16:15:39 GMT-0500 (Eastern Standard Time): GET /
Thu Feb 01 2018 16:15:39 GMT-0500 (Eastern Standard Time): GET /css/main.css
Thu Feb 01 2018 16:15:39 GMT-0500 (Eastern Standard Time): GET /images/navImage.jpg
Thu Feb 01 2018 16:15:39 GMT-0500 (Eastern Standard Time): GET /images/scotland.jpg
Thu Feb 01 2018 16:15:47 GMT-0500 (Eastern Standard Time): GET /
Thu Feb 01 2018 16:15:47 GMT-0500 (Eastern Standard Time): GET /css/main.css
Thu Feb 01 2018 16:15:47 GMT-0500 (Eastern Standard Time): GET /images/navImage.jpg
Thu Feb 01 2018 16:15:47 GMT-0500 (Eastern Standard Time): GET /images/scotland.jpg
Thu Feb 01 2018 16:16:31 GMT-0500 (Eastern Standard Time): GET /
Thu Feb 01 2018 16:16:31 GMT-0500 (Eastern Standard Time): GET /css/main.css
Thu Feb 01 2018 16:16:31 GMT-0500 (Eastern Standard Time): GET /images/navImage.jpg
Thu Feb 01 2018 16:16:31 GMT-0500 (Eastern Standard Time): GET /images/scotland.jpg
Thu Feb 01 2018 16:16:45 GMT-0500 (Eastern Standard Time): GET /
Thu Feb 01 2018 16:16:45 GMT-0500 (Eastern Standard Time): GET /css/main.css
Thu Feb 01 2018 16:16:45 GMT-0500 (Eastern Standard Time): GET /images/navImage.jpg
Thu Feb 01 2018 16:16:45 GMT-0500 (Eastern Standard Time): GET /images/scotland.jpg
Thu Feb 01 2018 16:17:14 GMT-0500 (Eastern Standard Time): GET /
Thu Feb 01 2018 16:17:15 GMT-0500 (Eastern Standard Time): GET /css/main.css
Thu Feb 01 2018 16:17:15 GMT-0500 (Eastern Standard Time): GET /images/navImage.jpg
Thu Feb 01 2018 16:17:15 GMT-0500 (Eastern Standard Time): GET /images/scotland.jpg
Thu Feb 01 2018 16:17:33 GMT-0500 (Eastern Standard Time): GET /
Thu Feb 01 2018 16:17:33 GMT-0500 (Eastern Standard Time): GET /css/main.css
Thu Feb 01 2018 16:17:33 GMT-0500 (Eastern Standard Time): GET /images/navImage.jpg
Thu Feb 01 2018 16:17:33 GMT-0500 (Eastern Standard Time): GET /images/scotland.jpg
Thu Feb 01 2018 16:17:54 GMT-0500 (Eastern Standard Time): GET /
Thu Feb 01 2018 16:17:54 GMT-0500 (Eastern Standard Time): GET /css/main.css
Thu Feb 01 2018 16:17:54 GMT-0500 (Eastern Standard Time): GET /images/navImage.jpg
Thu Feb 01 2018 16:17:54 GMT-0500 (Eastern Standard Time): GET /images/scotland.jpg
Thu Feb 01 2018 16:18:57 GMT-0500 (Eastern Standard Time): GET /
Thu Feb 01 2018 16:18:57 GMT-0500 (Eastern Standard Time): GET /css/main.css
Thu Feb 01 2018 16:18:57 GMT-0500 (Eastern Standard Time): GET /images/navImage.jpg
Thu Feb 01 2018 16:18:57 GMT-0500 (Eastern Standard Time): GET /images/scotland.jpg
Thu Feb 01 2018 16:19:08 GMT-0500 (Eastern Standard Time): GET /
Thu Feb 01 2018 16:19:08 GMT-0500 (Eastern Standard Time): GET /css/main.css
Thu Feb 01 2018 16:19:08 GMT-0500 (Eastern Standard Time): GET /images/navImage.jpg
Thu Feb 01 2018 16:19:08 GMT-0500 (Eastern Standard Time): GET /images/scotland.jpg
Thu Feb 01 2018 16:19:15 GMT-0500 (Eastern Standard Time): GET /
Thu Feb 01 2018 16:19:15 GMT-0500 (Eastern Standard Time): GET /css/main.css
Thu Feb 01 2018 16:19:15 GMT-0500 (Eastern Standard Time): GET /images/navImage.jpg
Thu Feb 01 2018 16:19:15 GMT-0500 (Eastern Standard Time): GET /images/scotland.jpg
Thu Feb 01 2018 16:21:03 GMT-0500 (Eastern Standard Time): GET /
Thu Feb 01 2018 16:21:03 GMT-0500 (Eastern Standard Time): GET /css/main.css
Thu Feb 01 2018 16:21:03 GMT-0500 (Eastern Standard Time): GET /images/navImage.jpg
Thu Feb 01 2018 16:21:03 GMT-0500 (Eastern Standard Time): GET /images/scotland.jpg
Thu Feb 01 2018 16:21:59 GMT-0500 (Eastern Standard Time): GET /
Thu Feb 01 2018 16:21:59 GMT-0500 (Eastern Standard Time): GET /css/main.css
Thu Feb 01 2018 16:21:59 GMT-0500 (Eastern Standard Time): GET /images/navImage.jpg
Thu Feb 01 2018 16:21:59 GMT-0500 (Eastern Standard Time): GET /images/scotland.jpg
Thu Feb 01 2018 16:22:30 GMT-0500 (Eastern Standard Time): GET /
Thu Feb 01 2018 16:22:30 GMT-0500 (Eastern Standard Time): GET /css/main.css
Thu Feb 01 2018 16:22:30 GMT-0500 (Eastern Standard Time): GET /images/navImage.jpg
Thu Feb 01 2018 16:22:30 GMT-0500 (Eastern Standard Time): GET /images/scotland.jpg
Thu Feb 01 2018 16:22:33 GMT-0500 (Eastern Standard Time): GET /
Thu Feb 01 2018 16:22:33 GMT-0500 (Eastern Standard Time): GET /css/main.css
Thu Feb 01 2018 16:22:33 GMT-0500 (Eastern Standard Time): GET /images/navImage.jpg
Thu Feb 01 2018 16:22:33 GMT-0500 (Eastern Standard Time): GET /images/scotland.jpg
Thu Feb 01 2018 16:23:11 GMT-0500 (Eastern Standard Time): GET /
Thu Feb 01 2018 16:23:11 GMT-0500 (Eastern Standard Time): GET /css/main.css
Thu Feb 01 2018 16:23:11 GMT-0500 (Eastern Standard Time): GET /images/navImage.jpg
Thu Feb 01 2018 16:23:11 GMT-0500 (Eastern Standard Time): GET /images/scotland.jpg
Thu Feb 01 2018 16:23:30 GMT-0500 (Eastern Standard Time): GET /
Thu Feb 01 2018 16:23:30 GMT-0500 (Eastern Standard Time): GET /css/main.css
Thu Feb 01 2018 16:23:30 GMT-0500 (Eastern Standard Time): GET /images/navImage.jpg
Thu Feb 01 2018 16:23:30 GMT-0500 (Eastern Standard Time): GET /images/scotland.jpg
Thu Feb 01 2018 16:24:00 GMT-0500 (Eastern Standard Time): GET /
Thu Feb 01 2018 16:24:00 GMT-0500 (Eastern Standard Time): GET /css/main.css
Thu Feb 01 2018 16:24:00 GMT-0500 (Eastern Standard Time): GET /images/navImage.jpg
Thu Feb 01 2018 16:24:00 GMT-0500 (Eastern Standard Time): GET /images/scotland.jpg
Thu Feb 01 2018 16:24:23 GMT-0500 (Eastern Standard Time): GET /
Thu Feb 01 2018 16:24:23 GMT-0500 (Eastern Standard Time): GET /css/main.css
Thu Feb 01 2018 16:24:23 GMT-0500 (Eastern Standard Time): GET /images/navImage.jpg
Thu Feb 01 2018 16:24:23 GMT-0500 (Eastern Standard Time): GET /images/scotland.jpg
Thu Feb 01 2018 16:25:01 GMT-0500 (Eastern Standard Time): GET /
Thu Feb 01 2018 16:25:01 GMT-0500 (Eastern Standard Time): GET /css/main.css
Thu Feb 01 2018 16:25:01 GMT-0500 (Eastern Standard Time): GET /images/navImage.jpg
Thu Feb 01 2018 16:25:01 GMT-0500 (Eastern Standard Time): GET /images/scotland.jpg
Thu Feb 01 2018 16:25:23 GMT-0500 (Eastern Standard Time): GET /
Thu Feb 01 2018 16:25:23 GMT-0500 (Eastern Standard Time): GET /css/main.css
Thu Feb 01 2018 16:25:23 GMT-0500 (Eastern Standard Time): GET /images/navImage.jpg
Thu Feb 01 2018 16:25:23 GMT-0500 (Eastern Standard Time): GET /images/scotland.jpg
Thu Feb 01 2018 16:28:11 GMT-0500 (Eastern Standard Time): GET /about
Thu Feb 01 2018 16:28:11 GMT-0500 (Eastern Standard Time): GET /css/main.css
Thu Feb 01 2018 16:28:11 GMT-0500 (Eastern Standard Time): GET /images/navImage.jpg
Thu Feb 01 2018 16:28:25 GMT-0500 (Eastern Standard Time): GET /about
Thu Feb 01 2018 16:28:25 GMT-0500 (Eastern Standard Time): GET /css/main.css
Thu Feb 01 2018 16:28:25 GMT-0500 (Eastern Standard Time): GET /images/navImage.jpg
Thu Feb 01 2018 16:28:26 GMT-0500 (Eastern Standard Time): GET /projects
Thu Feb 01 2018 16:28:26 GMT-0500 (Eastern Standard Time): GET /css/main.css
Thu Feb 01 2018 16:28:26 GMT-0500 (Eastern Standard Time): GET /images/navImage.jpg
Thu Feb 01 2018 16:28:27 GMT-0500 (Eastern Standard Time): GET /gardens
Thu Feb 01 2018 16:28:27 GMT-0500 (Eastern Standard Time): GET /css/main.css
Thu Feb 01 2018 16:28:27 GMT-0500 (Eastern Standard Time): GET /images/navImage.jpg
Thu Feb 01 2018 16:28:28 GMT-0500 (Eastern Standard Time): GET /projects
Thu Feb 01 2018 16:28:28 GMT-0500 (Eastern Standard Time): GET /css/main.css
Thu Feb 01 2018 16:28:28 GMT-0500 (Eastern Standard Time): GET /images/navImage.jpg
Thu Feb 01 2018 16:28:30 GMT-0500 (Eastern Standard Time): GET /about
Thu Feb 01 2018 16:28:30 GMT-0500 (Eastern Standard Time): GET /css/main.css
Thu Feb 01 2018 16:28:30 GMT-0500 (Eastern Standard Time): GET /images/navImage.jpg
Thu Feb 01 2018 16:28:30 GMT-0500 (Eastern Standard Time): GET /projects
Thu Feb 01 2018 16:28:30 GMT-0500 (Eastern Standard Time): GET /css/main.css
Thu Feb 01 2018 16:28:30 GMT-0500 (Eastern Standard Time): GET /images/navImage.jpg
Thu Feb 01 2018 16:28:31 GMT-0500 (Eastern Standard Time): GET /gardens
Thu Feb 01 2018 16:28:31 GMT-0500 (Eastern Standard Time): GET /css/main.css
Thu Feb 01 2018 16:28:31 GMT-0500 (Eastern Standard Time): GET /images/navImage.jpg
Thu Feb 01 2018 16:28:31 GMT-0500 (Eastern Standard Time): GET /investing
Thu Feb 01 2018 16:28:31 GMT-0500 (Eastern Standard Time): GET /css/main.css
Thu Feb 01 2018 16:28:31 GMT-0500 (Eastern Standard Time): GET /images/navImage.jpg
Thu Feb 01 2018 16:28:32 GMT-0500 (Eastern Standard Time): GET /
Thu Feb 01 2018 16:28:32 GMT-0500 (Eastern Standard Time): GET /css/main.css
Thu Feb 01 2018 16:28:32 GMT-0500 (Eastern Standard Time): GET /images/navImage.jpg
Thu Feb 01 2018 16:28:32 GMT-0500 (Eastern Standard Time): GET /images/scotland.jpg
Thu Feb 01 2018 16:28:46 GMT-0500 (Eastern Standard Time): GET /about
Thu Feb 01 2018 16:28:46 GMT-0500 (Eastern Standard Time): GET /css/main.css
Thu Feb 01 2018 16:28:46 GMT-0500 (Eastern Standard Time): GET /images/navImage.jpg
Thu Feb 01 2018 16:28:47 GMT-0500 (Eastern Standard Time): GET /about
Thu Feb 01 2018 16:28:47 GMT-0500 (Eastern Standard Time): GET /css/main.css
Thu Feb 01 2018 16:28:47 GMT-0500 (Eastern Standard Time): GET /images/navImage.jpg
Thu Feb 01 2018 16:28:49 GMT-0500 (Eastern Standard Time): GET /about
Thu Feb 01 2018 16:28:49 GMT-0500 (Eastern Standard Time): GET /css/main.css
Thu Feb 01 2018 16:28:49 GMT-0500 (Eastern Standard Time): GET /images/navImage.jpg
Thu Feb 01 2018 16:28:50 GMT-0500 (Eastern Standard Time): GET /projects
Thu Feb 01 2018 16:28:50 GMT-0500 (Eastern Standard Time): GET /css/main.css
Thu Feb 01 2018 16:28:50 GMT-0500 (Eastern Standard Time): GET /images/navImage.jpg
Thu Feb 01 2018 16:28:51 GMT-0500 (Eastern Standard Time): GET /gardens
Thu Feb 01 2018 16:28:51 GMT-0500 (Eastern Standard Time): GET /css/main.css
Thu Feb 01 2018 16:28:51 GMT-0500 (Eastern Standard Time): GET /images/navImage.jpg
Thu Feb 01 2018 16:28:51 GMT-0500 (Eastern Standard Time): GET /investing
Thu Feb 01 2018 16:28:51 GMT-0500 (Eastern Standard Time): GET /css/main.css
Thu Feb 01 2018 16:28:51 GMT-0500 (Eastern Standard Time): GET /images/navImage.jpg
Thu Feb 01 2018 16:29:59 GMT-0500 (Eastern Standard Time): GET /about
Thu Feb 01 2018 16:29:59 GMT-0500 (Eastern Standard Time): GET /css/main.css
Thu Feb 01 2018 16:29:59 GMT-0500 (Eastern Standard Time): GET /images/navImage.jpg
Thu Feb 01 2018 16:30:00 GMT-0500 (Eastern Standard Time): GET /
Thu Feb 01 2018 16:30:00 GMT-0500 (Eastern Standard Time): GET /css/main.css
Thu Feb 01 2018 16:30:00 GMT-0500 (Eastern Standard Time): GET /images/navImage.jpg
Thu Feb 01 2018 16:30:00 GMT-0500 (Eastern Standard Time): GET /images/scotland.jpg
Thu Feb 01 2018 16:30:01 GMT-0500 (Eastern Standard Time): GET /about
Thu Feb 01 2018 16:30:01 GMT-0500 (Eastern Standard Time): GET /css/main.css
Thu Feb 01 2018 16:30:01 GMT-0500 (Eastern Standard Time): GET /images/navImage.jpg
Thu Feb 01 2018 16:30:29 GMT-0500 (Eastern Standard Time): GET /about
Thu Feb 01 2018 16:30:29 GMT-0500 (Eastern Standard Time): GET /css/main.css
Thu Feb 01 2018 16:30:29 GMT-0500 (Eastern Standard Time): GET /images/navImage.jpg
Thu Feb 01 2018 16:30:29 GMT-0500 (Eastern Standard Time): GET /images/scotland.jpg
Thu Feb 01 2018 16:30:31 GMT-0500 (Eastern Standard Time): GET /gardens
Thu Feb 01 2018 16:30:31 GMT-0500 (Eastern Standard Time): GET /css/main.css
Thu Feb 01 2018 16:30:31 GMT-0500 (Eastern Standard Time): GET /images/navImage.jpg
Thu Feb 01 2018 16:30:32 GMT-0500 (Eastern Standard Time): GET /projects
Thu Feb 01 2018 16:30:32 GMT-0500 (Eastern Standard Time): GET /css/main.css
Thu Feb 01 2018 16:30:32 GMT-0500 (Eastern Standard Time): GET /images/navImage.jpg
Thu Feb 01 2018 16:30:32 GMT-0500 (Eastern Standard Time): GET /about
Thu Feb 01 2018 16:30:32 GMT-0500 (Eastern Standard Time): GET /css/main.css
Thu Feb 01 2018 16:30:32 GMT-0500 (Eastern Standard Time): GET /images/navImage.jpg
Thu Feb 01 2018 16:30:32 GMT-0500 (Eastern Standard Time): GET /images/scotland.jpg
Thu Feb 01 2018 16:31:00 GMT-0500 (Eastern Standard Time): GET /
Thu Feb 01 2018 16:31:00 GMT-0500 (Eastern Standard Time): GET /css/main.css
Thu Feb 01 2018 16:31:00 GMT-0500 (Eastern Standard Time): GET /images/navImage.jpg
Thu Feb 01 2018 16:31:00 GMT-0500 (Eastern Standard Time): GET /images/scotland.jpg
Thu Feb 01 2018 16:31:01 GMT-0500 (Eastern Standard Time): GET /about
Thu Feb 01 2018 16:31:01 GMT-0500 (Eastern Standard Time): GET /css/main.css
Thu Feb 01 2018 16:31:01 GMT-0500 (Eastern Standard Time): GET /images/navImage.jpg
Thu Feb 01 2018 16:31:01 GMT-0500 (Eastern Standard Time): GET /images/scotland.jpg
Thu Feb 01 2018 16:31:16 GMT-0500 (Eastern Standard Time): GET /investing
Thu Feb 01 2018 16:31:16 GMT-0500 (Eastern Standard Time): GET /css/main.css
Thu Feb 01 2018 16:31:16 GMT-0500 (Eastern Standard Time): GET /images/navImage.jpg
Thu Feb 01 2018 16:31:19 GMT-0500 (Eastern Standard Time): GET /projects
Thu Feb 01 2018 16:31:19 GMT-0500 (Eastern Standard Time): GET /css/main.css
Thu Feb 01 2018 16:31:19 GMT-0500 (Eastern Standard Time): GET /images/navImage.jpg
Thu Feb 01 2018 16:31:20 GMT-0500 (Eastern Standard Time): GET /about
Thu Feb 01 2018 16:31:20 GMT-0500 (Eastern Standard Time): GET /css/main.css
Thu Feb 01 2018 16:31:20 GMT-0500 (Eastern Standard Time): GET /images/navImage.jpg
Thu Feb 01 2018 16:31:20 GMT-0500 (Eastern Standard Time): GET /images/scotland.jpg
Thu Feb 01 2018 16:32:15 GMT-0500 (Eastern Standard Time): GET /projects
Thu Feb 01 2018 16:32:15 GMT-0500 (Eastern Standard Time): GET /css/main.css
Thu Feb 01 2018 16:32:15 GMT-0500 (Eastern Standard Time): GET /images/navImage.jpg
Thu Feb 01 2018 16:32:16 GMT-0500 (Eastern Standard Time): GET /about
Thu Feb 01 2018 16:32:16 GMT-0500 (Eastern Standard Time): GET /css/main.css
Thu Feb 01 2018 16:32:16 GMT-0500 (Eastern Standard Time): GET /images/navImage.jpg
Thu Feb 01 2018 16:32:17 GMT-0500 (Eastern Standard Time): GET /projects
Thu Feb 01 2018 16:32:17 GMT-0500 (Eastern Standard Time): GET /css/main.css
Thu Feb 01 2018 16:32:17 GMT-0500 (Eastern Standard Time): GET /images/navImage.jpg
Thu Feb 01 2018 16:32:17 GMT-0500 (Eastern Standard Time): GET /about
Thu Feb 01 2018 16:32:17 GMT-0500 (Eastern Standard Time): GET /css/main.css
Thu Feb 01 2018 16:32:17 GMT-0500 (Eastern Standard Time): GET /images/navImage.jpg
Thu Feb 01 2018 16:32:18 GMT-0500 (Eastern Standard Time): GET /
Thu Feb 01 2018 16:32:18 GMT-0500 (Eastern Standard Time): GET /css/main.css
Thu Feb 01 2018 16:32:18 GMT-0500 (Eastern Standard Time): GET /images/navImage.jpg
Thu Feb 01 2018 16:32:18 GMT-0500 (Eastern Standard Time): GET /images/scotland.jpg
Thu Feb 01 2018 16:39:57 GMT-0500 (Eastern Standard Time): GET /gardens
Thu Feb 01 2018 16:39:57 GMT-0500 (Eastern Standard Time): GET /css/main.css
Thu Feb 01 2018 16:39:57 GMT-0500 (Eastern Standard Time): GET /images/navImage.jpg
Thu Feb 01 2018 16:40:14 GMT-0500 (Eastern Standard Time): GET /about
Thu Feb 01 2018 16:40:22 GMT-0500 (Eastern Standard Time): GET /about
Thu Feb 01 2018 16:40:26 GMT-0500 (Eastern Standard Time): GET /about
Thu Feb 01 2018 16:41:05 GMT-0500 (Eastern Standard Time): GET /about
Thu Feb 01 2018 16:41:05 GMT-0500 (Eastern Standard Time): GET /css/main.css
Thu Feb 01 2018 16:41:05 GMT-0500 (Eastern Standard Time): GET /images/navImage.jpg
Thu Feb 01 2018 16:42:23 GMT-0500 (Eastern Standard Time): GET /about
Thu Feb 01 2018 16:42:23 GMT-0500 (Eastern Standard Time): GET /css/main.css
Thu Feb 01 2018 16:42:23 GMT-0500 (Eastern Standard Time): GET /images/navImage.jpg
Thu Feb 01 2018 16:42:44 GMT-0500 (Eastern Standard Time): GET /about
Thu Feb 01 2018 16:42:44 GMT-0500 (Eastern Standard Time): GET /css/main.css
Thu Feb 01 2018 16:42:44 GMT-0500 (Eastern Standard Time): GET /images/navImage.jpg
Thu Feb 01 2018 16:42:44 GMT-0500 (Eastern Standard Time): GET /images/scotland.jpg
Thu Feb 01 2018 16:43:16 GMT-0500 (Eastern Standard Time): GET /
Thu Feb 01 2018 16:43:16 GMT-0500 (Eastern Standard Time): GET /css/main.css
Thu Feb 01 2018 16:43:16 GMT-0500 (Eastern Standard Time): GET /images/navImage.jpg
Thu Feb 01 2018 16:43:16 GMT-0500 (Eastern Standard Time): GET /images/scotland.jpg
Thu Feb 01 2018 16:43:17 GMT-0500 (Eastern Standard Time): GET /about
Thu Feb 01 2018 16:43:17 GMT-0500 (Eastern Standard Time): GET /css/main.css
Thu Feb 01 2018 16:43:17 GMT-0500 (Eastern Standard Time): GET /images/navImage.jpg
Thu Feb 01 2018 16:43:17 GMT-0500 (Eastern Standard Time): GET /images/scotland.jpg
Thu Feb 01 2018 16:47:18 GMT-0500 (Eastern Standard Time): GET /about
Thu Feb 01 2018 16:47:18 GMT-0500 (Eastern Standard Time): GET /css/main.css
Thu Feb 01 2018 16:47:18 GMT-0500 (Eastern Standard Time): GET /images/navImage.jpg
Thu Feb 01 2018 16:47:19 GMT-0500 (Eastern Standard Time): GET /
Thu Feb 01 2018 16:47:19 GMT-0500 (Eastern Standard Time): GET /css/main.css
Thu Feb 01 2018 16:47:19 GMT-0500 (Eastern Standard Time): GET /images/navImage.jpg
Thu Feb 01 2018 16:47:19 GMT-0500 (Eastern Standard Time): GET /images/scotland.jpg
Thu Feb 01 2018 16:47:20 GMT-0500 (Eastern Standard Time): GET /about
Thu Feb 01 2018 16:47:20 GMT-0500 (Eastern Standard Time): GET /css/main.css
Thu Feb 01 2018 16:47:20 GMT-0500 (Eastern Standard Time): GET /images/navImage.jpg
Thu Feb 01 2018 16:48:10 GMT-0500 (Eastern Standard Time): GET /
Thu Feb 01 2018 16:48:10 GMT-0500 (Eastern Standard Time): GET /css/main.css
Thu Feb 01 2018 16:48:10 GMT-0500 (Eastern Standard Time): GET /images/navImage.jpg
Thu Feb 01 2018 16:48:10 GMT-0500 (Eastern Standard Time): GET /images/scotland.jpg
Thu Feb 01 2018 16:48:11 GMT-0500 (Eastern Standard Time): GET /about
Thu Feb 01 2018 16:48:11 GMT-0500 (Eastern Standard Time): GET /css/main.css
Thu Feb 01 2018 16:48:11 GMT-0500 (Eastern Standard Time): GET /images/navImage.jpg
Thu Feb 01 2018 16:48:26 GMT-0500 (Eastern Standard Time): GET /
Thu Feb 01 2018 16:48:26 GMT-0500 (Eastern Standard Time): GET /css/main.css
Thu Feb 01 2018 16:48:26 GMT-0500 (Eastern Standard Time): GET /images/navImage.jpg
Thu Feb 01 2018 16:48:26 GMT-0500 (Eastern Standard Time): GET /images/scotland.jpg
Thu Feb 01 2018 16:48:27 GMT-0500 (Eastern Standard Time): GET /about
Thu Feb 01 2018 16:48:27 GMT-0500 (Eastern Standard Time): GET /css/main.css
Thu Feb 01 2018 16:48:27 GMT-0500 (Eastern Standard Time): GET /images/navImage.jpg
Thu Feb 01 2018 16:48:43 GMT-0500 (Eastern Standard Time): GET /
Thu Feb 01 2018 16:48:43 GMT-0500 (Eastern Standard Time): GET /css/main.css
Thu Feb 01 2018 16:48:43 GMT-0500 (Eastern Standard Time): GET /images/navImage.jpg
Thu Feb 01 2018 16:48:43 GMT-0500 (Eastern Standard Time): GET /images/scotland.jpg
Thu Feb 01 2018 16:48:44 GMT-0500 (Eastern Standard Time): GET /about
Thu Feb 01 2018 16:48:44 GMT-0500 (Eastern Standard Time): GET /css/main.css
Thu Feb 01 2018 16:48:44 GMT-0500 (Eastern Standard Time): GET /images/navImage.jpg
Thu Feb 01 2018 16:48:57 GMT-0500 (Eastern Standard Time): GET /css/main.css
Thu Feb 01 2018 16:51:11 GMT-0500 (Eastern Standard Time): GET /about
Thu Feb 01 2018 16:51:11 GMT-0500 (Eastern Standard Time): GET /css/main.css
Thu Feb 01 2018 16:51:11 GMT-0500 (Eastern Standard Time): GET /images/navImage.jpg
Thu Feb 01 2018 16:52:27 GMT-0500 (Eastern Standard Time): GET /about
Thu Feb 01 2018 16:52:27 GMT-0500 (Eastern Standard Time): GET /css/main.css
Thu Feb 01 2018 16:52:27 GMT-0500 (Eastern Standard Time): GET /images/navImage.jpg
Thu Feb 01 2018 16:52:29 GMT-0500 (Eastern Standard Time): GET /projects
Thu Feb 01 2018 16:52:29 GMT-0500 (Eastern Standard Time): GET /css/main.css
Thu Feb 01 2018 16:52:29 GMT-0500 (Eastern Standard Time): GET /images/navImage.jpg
Thu Feb 01 2018 16:52:30 GMT-0500 (Eastern Standard Time): GET /gardens
Thu Feb 01 2018 16:52:30 GMT-0500 (Eastern Standard Time): GET /css/main.css
Thu Feb 01 2018 16:52:30 GMT-0500 (Eastern Standard Time): GET /images/navImage.jpg
Thu Feb 01 2018 16:52:32 GMT-0500 (Eastern Standard Time): GET /investing
Thu Feb 01 2018 16:52:32 GMT-0500 (Eastern Standard Time): GET /css/main.css
Thu Feb 01 2018 16:52:32 GMT-0500 (Eastern Standard Time): GET /images/navImage.jpg
Thu Feb 01 2018 16:54:11 GMT-0500 (Eastern Standard Time): GET /about
Thu Feb 01 2018 16:54:11 GMT-0500 (Eastern Standard Time): GET /css/main.css
Thu Feb 01 2018 16:54:11 GMT-0500 (Eastern Standard Time): GET /images/navImage.jpg
Thu Feb 01 2018 16:54:12 GMT-0500 (Eastern Standard Time): GET /
Thu Feb 01 2018 16:54:12 GMT-0500 (Eastern Standard Time): GET /css/main.css
Thu Feb 01 2018 16:54:12 GMT-0500 (Eastern Standard Time): GET /images/navImage.jpg
Thu Feb 01 2018 16:54:12 GMT-0500 (Eastern Standard Time): GET /images/scotland.jpg
Thu Feb 01 2018 16:54:17 GMT-0500 (Eastern Standard Time): GET /
Thu Feb 01 2018 16:54:17 GMT-0500 (Eastern Standard Time): GET /css/main.css
Thu Feb 01 2018 16:54:17 GMT-0500 (Eastern Standard Time): GET /images/navImage.jpg
Thu Feb 01 2018 16:54:17 GMT-0500 (Eastern Standard Time): GET /images/scotland.jpg
Thu Feb 01 2018 16:54:17 GMT-0500 (Eastern Standard Time): GET /projects
Thu Feb 01 2018 16:54:17 GMT-0500 (Eastern Standard Time): GET /css/main.css
Thu Feb 01 2018 16:54:17 GMT-0500 (Eastern Standard Time): GET /images/navImage.jpg
Thu Feb 01 2018 16:54:18 GMT-0500 (Eastern Standard Time): GET /about
Thu Feb 01 2018 16:54:18 GMT-0500 (Eastern Standard Time): GET /css/main.css
Thu Feb 01 2018 16:54:18 GMT-0500 (Eastern Standard Time): GET /images/navImage.jpg
Thu Feb 01 2018 16:54:18 GMT-0500 (Eastern Standard Time): GET /projects
Thu Feb 01 2018 16:54:18 GMT-0500 (Eastern Standard Time): GET /css/main.css
Thu Feb 01 2018 16:54:18 GMT-0500 (Eastern Standard Time): GET /images/navImage.jpg
Thu Feb 01 2018 16:55:05 GMT-0500 (Eastern Standard Time): GET /projects
Thu Feb 01 2018 16:55:05 GMT-0500 (Eastern Standard Time): GET /css/main.css
Thu Feb 01 2018 16:55:05 GMT-0500 (Eastern Standard Time): GET /images/navImage.jpg
Thu Feb 01 2018 16:55:06 GMT-0500 (Eastern Standard Time): GET /about
Thu Feb 01 2018 16:55:06 GMT-0500 (Eastern Standard Time): GET /css/main.css
Thu Feb 01 2018 16:55:06 GMT-0500 (Eastern Standard Time): GET /images/navImage.jpg
Thu Feb 01 2018 16:55:07 GMT-0500 (Eastern Standard Time): GET /projects
Thu Feb 01 2018 16:55:07 GMT-0500 (Eastern Standard Time): GET /css/main.css
Thu Feb 01 2018 16:55:07 GMT-0500 (Eastern Standard Time): GET /images/navImage.jpg
Thu Feb 01 2018 16:55:07 GMT-0500 (Eastern Standard Time): GET /
Thu Feb 01 2018 16:55:07 GMT-0500 (Eastern Standard Time): GET /css/main.css
Thu Feb 01 2018 16:55:07 GMT-0500 (Eastern Standard Time): GET /images/navImage.jpg
Thu Feb 01 2018 16:55:07 GMT-0500 (Eastern Standard Time): GET /images/scotland.jpg
Thu Feb 01 2018 16:55:26 GMT-0500 (Eastern Standard Time): GET /
Thu Feb 01 2018 16:55:26 GMT-0500 (Eastern Standard Time): GET /css/main.css
Thu Feb 01 2018 16:55:26 GMT-0500 (Eastern Standard Time): GET /images/navImage.jpg
Thu Feb 01 2018 16:55:26 GMT-0500 (Eastern Standard Time): GET /images/scotland.jpg
Thu Feb 01 2018 16:55:27 GMT-0500 (Eastern Standard Time): GET /
Thu Feb 01 2018 16:55:27 GMT-0500 (Eastern Standard Time): GET /css/main.css
Thu Feb 01 2018 16:55:27 GMT-0500 (Eastern Standard Time): GET /images/navImage.jpg
Thu Feb 01 2018 16:55:27 GMT-0500 (Eastern Standard Time): GET /images/scotland.jpg
Thu Feb 01 2018 16:55:28 GMT-0500 (Eastern Standard Time): GET /projects
Thu Feb 01 2018 16:55:28 GMT-0500 (Eastern Standard Time): GET /css/main.css
Thu Feb 01 2018 16:55:28 GMT-0500 (Eastern Standard Time): GET /images/navImage.jpg
Thu Feb 01 2018 16:55:56 GMT-0500 (Eastern Standard Time): GET /projects
Thu Feb 01 2018 16:55:56 GMT-0500 (Eastern Standard Time): GET /css/main.css
Thu Feb 01 2018 16:55:56 GMT-0500 (Eastern Standard Time): GET /images/navImage.jpg
Thu Feb 01 2018 16:56:07 GMT-0500 (Eastern Standard Time): GET /
Thu Feb 01 2018 16:56:07 GMT-0500 (Eastern Standard Time): GET /css/main.css
Thu Feb 01 2018 16:56:07 GMT-0500 (Eastern Standard Time): GET /images/navImage.jpg
Thu Feb 01 2018 16:56:07 GMT-0500 (Eastern Standard Time): GET /images/scotland.jpg
Thu Feb 01 2018 16:56:09 GMT-0500 (Eastern Standard Time): GET /projects
Thu Feb 01 2018 16:56:09 GMT-0500 (Eastern Standard Time): GET /css/main.css
Thu Feb 01 2018 16:56:09 GMT-0500 (Eastern Standard Time): GET /images/navImage.jpg
Thu Feb 01 2018 16:56:59 GMT-0500 (Eastern Standard Time): GET /projects
Thu Feb 01 2018 16:56:59 GMT-0500 (Eastern Standard Time): GET /css/main.css
Thu Feb 01 2018 16:56:59 GMT-0500 (Eastern Standard Time): GET /images/navImage.jpg
Thu Feb 01 2018 16:58:10 GMT-0500 (Eastern Standard Time): GET /
Thu Feb 01 2018 16:58:11 GMT-0500 (Eastern Standard Time): GET /css/main.css
Thu Feb 01 2018 16:58:11 GMT-0500 (Eastern Standard Time): GET /images/navImage.jpg
Thu Feb 01 2018 16:58:11 GMT-0500 (Eastern Standard Time): GET /images/scotland.jpg
Thu Feb 01 2018 16:58:25 GMT-0500 (Eastern Standard Time): GET /
Thu Feb 01 2018 16:58:25 GMT-0500 (Eastern Standard Time): GET /css/main.css
Thu Feb 01 2018 16:58:25 GMT-0500 (Eastern Standard Time): GET /images/navImage.jpg
Thu Feb 01 2018 16:58:25 GMT-0500 (Eastern Standard Time): GET /images/scotland.jpg
Thu Feb 01 2018 16:58:27 GMT-0500 (Eastern Standard Time): GET /
Thu Feb 01 2018 16:58:27 GMT-0500 (Eastern Standard Time): GET /css/main.css
Thu Feb 01 2018 16:58:27 GMT-0500 (Eastern Standard Time): GET /images/navImage.jpg
Thu Feb 01 2018 16:58:27 GMT-0500 (Eastern Standard Time): GET /images/scotland.jpg
Thu Feb 01 2018 16:58:55 GMT-0500 (Eastern Standard Time): GET /projects
Thu Feb 01 2018 16:58:55 GMT-0500 (Eastern Standard Time): GET /css/main.css
Thu Feb 01 2018 16:58:55 GMT-0500 (Eastern Standard Time): GET /images/navImage.jpg
Thu Feb 01 2018 16:58:56 GMT-0500 (Eastern Standard Time): GET /
Thu Feb 01 2018 16:58:56 GMT-0500 (Eastern Standard Time): GET /css/main.css
Thu Feb 01 2018 16:58:56 GMT-0500 (Eastern Standard Time): GET /images/navImage.jpg
Thu Feb 01 2018 16:58:56 GMT-0500 (Eastern Standard Time): GET /images/scotland.jpg
Thu Feb 01 2018 16:59:29 GMT-0500 (Eastern Standard Time): GET /
Thu Feb 01 2018 16:59:29 GMT-0500 (Eastern Standard Time): GET /css/main.css
Thu Feb 01 2018 16:59:29 GMT-0500 (Eastern Standard Time): GET /images/navImage.jpg
Thu Feb 01 2018 16:59:29 GMT-0500 (Eastern Standard Time): GET /images/scotland.jpg
Thu Feb 01 2018 16:59:30 GMT-0500 (Eastern Standard Time): GET /
Thu Feb 01 2018 16:59:30 GMT-0500 (Eastern Standard Time): GET /css/main.css
Thu Feb 01 2018 16:59:30 GMT-0500 (Eastern Standard Time): GET /images/navImage.jpg
Thu Feb 01 2018 16:59:30 GMT-0500 (Eastern Standard Time): GET /images/scotland.jpg
Thu Feb 01 2018 16:59:44 GMT-0500 (Eastern Standard Time): GET /
Thu Feb 01 2018 16:59:44 GMT-0500 (Eastern Standard Time): GET /css/main.css
Thu Feb 01 2018 16:59:44 GMT-0500 (Eastern Standard Time): GET /images/navImage.jpg
Thu Feb 01 2018 16:59:44 GMT-0500 (Eastern Standard Time): GET /images/scotland.jpg
Thu Feb 01 2018 16:59:48 GMT-0500 (Eastern Standard Time): GET /
Thu Feb 01 2018 16:59:48 GMT-0500 (Eastern Standard Time): GET /css/main.css
Thu Feb 01 2018 16:59:48 GMT-0500 (Eastern Standard Time): GET /images/navImage.jpg
Thu Feb 01 2018 16:59:48 GMT-0500 (Eastern Standard Time): GET /images/scotland.jpg
Thu Feb 01 2018 17:00:02 GMT-0500 (Eastern Standard Time): GET /gardens
Thu Feb 01 2018 17:00:02 GMT-0500 (Eastern Standard Time): GET /css/main.css
Thu Feb 01 2018 17:00:02 GMT-0500 (Eastern Standard Time): GET /images/navImage.jpg
Thu Feb 01 2018 17:00:03 GMT-0500 (Eastern Standard Time): GET /
Thu Feb 01 2018 17:00:03 GMT-0500 (Eastern Standard Time): GET /css/main.css
Thu Feb 01 2018 17:00:03 GMT-0500 (Eastern Standard Time): GET /images/navImage.jpg
Thu Feb 01 2018 17:00:03 GMT-0500 (Eastern Standard Time): GET /images/scotland.jpg
Thu Feb 01 2018 17:00:05 GMT-0500 (Eastern Standard Time): GET /
Thu Feb 01 2018 17:00:06 GMT-0500 (Eastern Standard Time): GET /css/main.css
Thu Feb 01 2018 17:00:06 GMT-0500 (Eastern Standard Time): GET /images/navImage.jpg
Thu Feb 01 2018 17:00:06 GMT-0500 (Eastern Standard Time): GET /images/scotland.jpg
Thu Feb 01 2018 17:00:14 GMT-0500 (Eastern Standard Time): GET /
Thu Feb 01 2018 17:00:14 GMT-0500 (Eastern Standard Time): GET /css/main.css
Thu Feb 01 2018 17:00:14 GMT-0500 (Eastern Standard Time): GET /images/navImage.jpg
Thu Feb 01 2018 17:00:14 GMT-0500 (Eastern Standard Time): GET /images/scotland.jpg
Thu Feb 01 2018 17:00:14 GMT-0500 (Eastern Standard Time): GET /
Thu Feb 01 2018 17:00:14 GMT-0500 (Eastern Standard Time): GET /css/main.css
Thu Feb 01 2018 17:00:14 GMT-0500 (Eastern Standard Time): GET /images/navImage.jpg
Thu Feb 01 2018 17:00:15 GMT-0500 (Eastern Standard Time): GET /images/scotland.jpg
Thu Feb 01 2018 17:00:15 GMT-0500 (Eastern Standard Time): GET /projects
Thu Feb 01 2018 17:00:15 GMT-0500 (Eastern Standard Time): GET /css/main.css
Thu Feb 01 2018 17:00:15 GMT-0500 (Eastern Standard Time): GET /images/navImage.jpg
Thu Feb 01 2018 17:00:19 GMT-0500 (Eastern Standard Time): GET /gardens
Thu Feb 01 2018 17:00:19 GMT-0500 (Eastern Standard Time): GET /css/main.css
Thu Feb 01 2018 17:00:19 GMT-0500 (Eastern Standard Time): GET /images/navImage.jpg
Thu Feb 01 2018 17:00:20 GMT-0500 (Eastern Standard Time): GET /gardens
Thu Feb 01 2018 17:00:20 GMT-0500 (Eastern Standard Time): GET /css/main.css
Thu Feb 01 2018 17:00:20 GMT-0500 (Eastern Standard Time): GET /images/navImage.jpg
Thu Feb 01 2018 17:00:22 GMT-0500 (Eastern Standard Time): GET /
Thu Feb 01 2018 17:00:22 GMT-0500 (Eastern Standard Time): GET /css/main.css
Thu Feb 01 2018 17:00:22 GMT-0500 (Eastern Standard Time): GET /images/navImage.jpg
Thu Feb 01 2018 17:00:22 GMT-0500 (Eastern Standard Time): GET /images/scotland.jpg
Thu Feb 01 2018 17:00:30 GMT-0500 (Eastern Standard Time): GET /gardens
Thu Feb 01 2018 17:00:30 GMT-0500 (Eastern Standard Time): GET /css/main.css
Thu Feb 01 2018 17:00:30 GMT-0500 (Eastern Standard Time): GET /images/navImage.jpg
Thu Feb 01 2018 17:00:31 GMT-0500 (Eastern Standard Time): GET /gardens
Thu Feb 01 2018 17:00:31 GMT-0500 (Eastern Standard Time): GET /css/main.css
Thu Feb 01 2018 17:00:31 GMT-0500 (Eastern Standard Time): GET /images/navImage.jpg
Thu Feb 01 2018 17:00:32 GMT-0500 (Eastern Standard Time): GET /investing
Thu Feb 01 2018 17:00:32 GMT-0500 (Eastern Standard Time): GET /css/main.css
Thu Feb 01 2018 17:00:32 GMT-0500 (Eastern Standard Time): GET /images/navImage.jpg
Thu Feb 01 2018 17:00:32 GMT-0500 (Eastern Standard Time): GET /projects
Thu Feb 01 2018 17:00:32 GMT-0500 (Eastern Standard Time): GET /css/main.css
Thu Feb 01 2018 17:00:32 GMT-0500 (Eastern Standard Time): GET /images/navImage.jpg
Thu Feb 01 2018 17:00:33 GMT-0500 (Eastern Standard Time): GET /about
Thu Feb 01 2018 17:00:33 GMT-0500 (Eastern Standard Time): GET /css/main.css
Thu Feb 01 2018 17:00:33 GMT-0500 (Eastern Standard Time): GET /images/navImage.jpg
Thu Feb 01 2018 17:01:43 GMT-0500 (Eastern Standard Time): GET /gardens
Thu Feb 01 2018 17:01:43 GMT-0500 (Eastern Standard Time): GET /css/main.css
Thu Feb 01 2018 17:01:43 GMT-0500 (Eastern Standard Time): GET /images/navImage.jpg
Thu Feb 01 2018 17:01:44 GMT-0500 (Eastern Standard Time): GET /
Thu Feb 01 2018 17:01:44 GMT-0500 (Eastern Standard Time): GET /css/main.css
Thu Feb 01 2018 17:01:44 GMT-0500 (Eastern Standard Time): GET /images/navImage.jpg
Thu Feb 01 2018 17:01:44 GMT-0500 (Eastern Standard Time): GET /images/scotland.jpg
Sat Feb 03 2018 11:12:27 GMT-0500 (Eastern Standard Time): GET /
Sat Feb 03 2018 11:12:27 GMT-0500 (Eastern Standard Time): GET /css/main.css
Sat Feb 03 2018 11:12:27 GMT-0500 (Eastern Standard Time): GET /images/navImage.jpg
Sat Feb 03 2018 11:12:27 GMT-0500 (Eastern Standard Time): GET /images/scotland.jpg
Sat Feb 03 2018 11:12:29 GMT-0500 (Eastern Standard Time): GET /favicon.ico
Sat Feb 03 2018 11:12:40 GMT-0500 (Eastern Standard Time): GET /projects
Sat Feb 03 2018 11:12:40 GMT-0500 (Eastern Standard Time): GET /css/main.css
Sat Feb 03 2018 11:12:40 GMT-0500 (Eastern Standard Time): GET /images/navImage.jpg
